<?xml version="1.0" encoding="UTF-8"?>
<!-- Generated by org.testng.reporters.JUnitReportReporter -->
<testsuite hostname="DESKTOP-90DQV3J" failures="0" tests="3" name="rahualshetty.tests.DataFlowByHashMap" time="48.402" errors="0" timestamp="2023-07-16T17:09:05 IST" skipped="0">
  <testcase classname="rahualshetty.tests.DataFlowByHashMap" name="orderHistory" time="9.051"/>
  <system-out/>
  <testcase classname="rahualshetty.tests.DataFlowByHashMap" name="orderPlaceComplete" time="16.988"/>
  <system-out/>
  <testcase classname="rahualshetty.tests.DataFlowByHashMap" name="orderPlaceComplete" time="22.363"/>
  <system-out/>
</testsuite> <!-- rahualshetty.tests.DataFlowByHashMap -->
