<?xml version="1.0" encoding="UTF-8"?>
<!-- Generated by org.testng.reporters.JUnitReportReporter -->
<testsuite hostname="DESKTOP-90DQV3J" failures="0" tests="3" name="rahualshetty.tests.PlaceOrderFlow" time="148.237" errors="0" timestamp="2023-07-17T12:53:53 IST" skipped="0">
  <testcase classname="rahualshetty.tests.PlaceOrderFlow" name="orderPlaceComplete" time="30.347"/>
  <system-out/>
  <testcase classname="rahualshetty.tests.PlaceOrderFlow" name="orderPlaceComplete" time="83.722"/>
  <system-out/>
  <testcase classname="rahualshetty.tests.PlaceOrderFlow" name="orderHistory" time="34.168"/>
  <system-out/>
</testsuite> <!-- rahualshetty.tests.PlaceOrderFlow -->
