<?xml version="1.0" encoding="UTF-8"?>
<!-- Generated by org.testng.reporters.JUnitReportReporter -->
<testsuite skipped="0" hostname="DESKTOP-90DQV3J" name="rahualshetty.tests.PlaceOrderFlow" tests="3" failures="0" timestamp="2023-07-17T19:07:17 IST" time="64.341" errors="0">
  <testcase name="orderPlaceComplete" time="25.455" classname="rahualshetty.tests.PlaceOrderFlow"/>
  <system-out/>
  <testcase name="orderPlaceComplete" time="26.456" classname="rahualshetty.tests.PlaceOrderFlow"/>
  <system-out/>
  <testcase name="orderHistory" time="12.430" classname="rahualshetty.tests.PlaceOrderFlow"/>
  <system-out/>
</testsuite> <!-- rahualshetty.tests.PlaceOrderFlow -->
